{
  "stats": {
    "suites": 1,
    "tests": 1,
    "passes": 1,
    "pending": 0,
    "failures": 0,
    "start": "2022-10-17T15:58:30.147Z",
    "end": "2022-10-17T15:58:52.972Z",
    "duration": 22825,
    "testsRegistered": 1,
    "passPercent": 100,
    "pendingPercent": 0,
    "other": 0,
    "hasOther": false,
    "skipped": 0,
    "hasSkipped": false
  },
  "results": [
    {
      "uuid": "23a41957-eef5-455d-801d-10131d9ba7f9",
      "title": "",
      "fullFile": "C:\\Users\\tyrese.nascimento\\Desktop\\qazando-automation\\features\\basic.feature",
      "file": "\\features\\basic.feature",
      "beforeHooks": [],
      "afterHooks": [],
      "tests": [],
      "suites": [
        {
          "uuid": "390ae735-e6f7-418c-81f5-68d3c20d5f05",
          "title": "Login",
          "fullFile": "C:\\Users\\tyrese.nascimento\\Desktop\\qazando-automation\\features\\basic.feature",
          "file": "\\features\\basic.feature",
          "beforeHooks": [
            {
              "title": "\"before all\" hook: codeceptjs.beforeSuite in \"Login\"",
              "fullTitle": "Login \"before all\" hook: codeceptjs.beforeSuite in \"Login\"",
              "timedOut": false,
              "duration": 1,
              "state": null,
              "speed": null,
              "pass": false,
              "fail": false,
              "pending": false,
              "context": null,
              "code": "scenario.suiteSetup(suite)",
              "err": {},
              "uuid": "d99ea438-3cdc-497c-a673-343ae9f81c06",
              "parentUUID": "390ae735-e6f7-418c-81f5-68d3c20d5f05",
              "isHook": true,
              "skipped": false
            },
            {
              "title": "\"before each\" hook: codeceptjs.before in \"Login\"",
              "fullTitle": "Login \"before each\" hook: codeceptjs.before in \"Login\"",
              "timedOut": false,
              "duration": 4598,
              "state": null,
              "speed": null,
              "pass": false,
              "fail": false,
              "pending": false,
              "context": null,
              "code": "scenario.setup(suite)",
              "err": {},
              "uuid": "2b388e84-964f-4ce7-9ad9-dae271f8e42b",
              "parentUUID": "390ae735-e6f7-418c-81f5-68d3c20d5f05",
              "isHook": true,
              "skipped": false
            }
          ],
          "afterHooks": [
            {
              "title": "\"after all\" hook: codeceptjs.afterSuite in \"Login\"",
              "fullTitle": "Login \"after all\" hook: codeceptjs.afterSuite in \"Login\"",
              "timedOut": false,
              "duration": 1,
              "state": null,
              "speed": null,
              "pass": false,
              "fail": false,
              "pending": false,
              "context": null,
              "code": "scenario.suiteTeardown(suite)",
              "err": {},
              "uuid": "f22f2454-096a-4358-8c7c-f8696f11b939",
              "parentUUID": "390ae735-e6f7-418c-81f5-68d3c20d5f05",
              "isHook": true,
              "skipped": false
            },
            {
              "title": "\"after each\" hook: codeceptjs.after in \"Login\"",
              "fullTitle": "Login \"after each\" hook: codeceptjs.after in \"Login\"",
              "timedOut": false,
              "duration": 295,
              "state": null,
              "speed": null,
              "pass": false,
              "fail": false,
              "pending": false,
              "context": null,
              "code": "scenario.teardown(suite)",
              "err": {},
              "uuid": "24b6c7d7-a04c-4304-9462-3b3cd19ba34c",
              "parentUUID": "390ae735-e6f7-418c-81f5-68d3c20d5f05",
              "isHook": true,
              "skipped": false
            }
          ],
          "tests": [
            {
              "title": "Login com Sucesso",
              "fullTitle": "Login Login com Sucesso",
              "timedOut": false,
              "duration": 17926,
              "state": "passed",
              "speed": "slow",
              "pass": true,
              "fail": false,
              "pending": false,
              "context": null,
              "code": "runSteps(child.steps)",
              "err": {},
              "uuid": "e1a62e04-b263-481f-83bc-6f8a0c3f46af",
              "parentUUID": "390ae735-e6f7-418c-81f5-68d3c20d5f05",
              "isHook": false,
              "skipped": false
            }
          ],
          "suites": [],
          "passes": [
            "e1a62e04-b263-481f-83bc-6f8a0c3f46af"
          ],
          "failures": [],
          "pending": [],
          "skipped": [],
          "duration": 17926,
          "root": false,
          "rootEmpty": false,
          "_timeout": 0
        }
      ],
      "passes": [],
      "failures": [],
      "pending": [],
      "skipped": [],
      "duration": 0,
      "root": true,
      "rootEmpty": true,
      "_timeout": 0
    }
  ],
  "meta": {
    "mocha": {
      "version": "10.1.0"
    },
    "mochawesome": {
      "options": {
        "quiet": false,
        "reportFilename": "mochawesome",
        "saveHtml": true,
        "saveJson": true,
        "consoleReporter": "spec",
        "useInlineDiffs": false,
        "code": true
      },
      "version": "7.1.3"
    },
    "marge": {
      "options": {},
      "version": "6.2.0"
    }
  }
}